<?xml version="1.0" encoding="UTF-8"?>
<!-- Generated by org.testng.reporters.JUnitXMLReporter -->
<testsuite ignored="0" hostname="LAPTOP-UEETHQBE" failures="1" tests="3" name="Test" time="32.277" errors="0" timestamp="2024-09-18T13:06:10 CDT">
  <testcase classname="Testcases.TC001_AccountRegistrationTest" name="verify_account_registration" time="0.017">
    <failure type="java.lang.Error" message="Unresolved compilation problem: 
	value cannot be resolved to a variable
">
      <![CDATA[java.lang.Error: Unresolved compilation problem: 
value cannot be resolved to a variable

at Testcases.TC001_AccountRegistrationTest.verify_account_registration(TC001_AccountRegistrationTest.java:68)
at java.base/java.util.ArrayList.forEach(ArrayList.java:1511)
... Removed 27 stack frames]]>
    </failure>
  </testcase> <!-- verify_account_registration -->
  <testcase classname="Testcases.TC002_LoginTest" name="Login" time="1.123"/>
  <testcase classname="Testcases.TC004_FlightDetailsTest" name="Flights" time="3.512"/>
</testsuite> <!-- Test -->
