<?xml version="1.0" encoding="UTF-8"?>
<!-- Generated by org.testng.reporters.JUnitXMLReporter -->
<testsuite ignored="0" hostname="LAPTOP-UEETHQBE" failures="1" tests="1" name="firefoxtest" time="5.925" errors="0" timestamp="2024-09-18T11:52:58 CDT">
  <testcase classname="Testcases.TC004_FlightDetailsTest" name="Flights" time="0.092">
    <failure type="java.lang.AssertionError" message="null">
      <![CDATA[java.lang.AssertionError: null
at Testcases.TC004_FlightDetailsTest.Flights(TC004_FlightDetailsTest.java:55)
at java.base/java.util.ArrayList.forEach(ArrayList.java:1511)
at java.base/java.util.concurrent.FutureTask.run(FutureTask.java:264)
at java.base/java.util.concurrent.ThreadPoolExecutor.runWorker(ThreadPoolExecutor.java:1136)
at java.base/java.util.concurrent.ThreadPoolExecutor$Worker.run(ThreadPoolExecutor.java:635)
at java.base/java.lang.Thread.run(Thread.java:842)
... Removed 19 stack frames]]>
    </failure>
  </testcase> <!-- Flights -->
</testsuite> <!-- firefoxtest -->
