<?xml version="1.0" encoding="UTF-8"?>
<!-- Generated by org.testng.reporters.JUnitXMLReporter -->
<testsuite ignored="0" hostname="LAPTOP-UEETHQBE" failures="1" tests="1" name="Test" time="6.97" errors="0" timestamp="2024-09-14T20:34:32 CDT">
  <testcase classname="Testcases.TC005_EndToEndTest" name="FinalTest" time="0.974">
    <failure type="java.lang.AssertionError" message="null">
      <![CDATA[java.lang.AssertionError: null
at Testcases.TC005_EndToEndTest.FinalTest(TC005_EndToEndTest.java:93)
at java.base/java.util.ArrayList.forEach(ArrayList.java:1511)
... Removed 29 stack frames]]>
    </failure>
  </testcase> <!-- FinalTest -->
</testsuite> <!-- Test -->
