<?xml version="1.0" encoding="UTF-8"?>
<!-- Generated by org.testng.reporters.JUnitXMLReporter -->
<testsuite ignored="0" hostname="LAPTOP-UEETHQBE" failures="1" tests="1" name="firefoxtest(failed)(failed)(failed)" time="0.731" errors="0" timestamp="2024-09-18T11:26:05 CDT">
  <testcase classname="Testcases.TC001_AccountRegistrationTest" name="verify_account_registration" time="0.008">
    <failure type="java.lang.Error" message="Unresolved compilation problem: 
	value cannot be resolved to a variable
">
      <![CDATA[java.lang.Error: Unresolved compilation problem: 
value cannot be resolved to a variable

at Testcases.TC001_AccountRegistrationTest.verify_account_registration(TC001_AccountRegistrationTest.java:68)
at java.base/java.util.ArrayList.forEach(ArrayList.java:1511)
at java.base/java.util.concurrent.FutureTask.run(FutureTask.java:264)
at java.base/java.util.concurrent.ThreadPoolExecutor.runWorker(ThreadPoolExecutor.java:1136)
at java.base/java.util.concurrent.ThreadPoolExecutor$Worker.run(ThreadPoolExecutor.java:635)
at java.base/java.lang.Thread.run(Thread.java:842)
... Removed 17 stack frames]]>
    </failure>
  </testcase> <!-- verify_account_registration -->
</testsuite> <!-- firefoxtest(failed)(failed)(failed) -->
